[2022-06-27 15:12:27,368] [log.py|__console] [line:40] INFO    : 输入手机号-- .phone_num .el-input__inner
[2022-06-27 15:12:27,460] [log.py|__console] [line:40] INFO    : 输入密码-- .login_mode .el-input__inner
[2022-06-27 15:12:27,537] [log.py|__console] [line:40] INFO    : 点击登录-- #pane-phoneLogin button
[2022-06-27 15:12:30,101] [log.py|__console] [line:40] INFO    : 输入手机号-- .phone_num .el-input__inner
[2022-06-27 15:12:30,171] [log.py|__console] [line:40] INFO    : 输入密码-- .login_mode .el-input__inner
[2022-06-27 15:12:30,243] [log.py|__console] [line:40] INFO    : 点击登录-- #pane-phoneLogin button
[2022-06-27 15:12:32,518] [log.py|__console] [line:40] INFO    : 输入手机号-- .phone_num .el-input__inner
[2022-06-27 15:12:32,590] [log.py|__console] [line:40] INFO    : 输入密码-- .login_mode .el-input__inner
[2022-06-27 15:12:32,656] [log.py|__console] [line:40] INFO    : 点击登录-- #pane-phoneLogin button
[2022-06-27 15:12:35,034] [log.py|__console] [line:40] INFO    : 输入手机号-- .phone_num .el-input__inner
[2022-06-27 15:12:35,103] [log.py|__console] [line:40] INFO    : 输入密码-- .login_mode .el-input__inner
[2022-06-27 15:12:35,157] [log.py|__console] [line:40] INFO    : 点击登录-- #pane-phoneLogin button
[2022-06-27 15:12:37,735] [log.py|__console] [line:40] INFO    : 输入手机号-- .phone_num .el-input__inner
[2022-06-27 15:12:37,805] [log.py|__console] [line:40] INFO    : 输入密码-- .login_mode .el-input__inner
[2022-06-27 15:12:37,871] [log.py|__console] [line:40] INFO    : 点击登录-- #pane-phoneLogin button
[2022-06-27 15:12:40,400] [log.py|__console] [line:40] INFO    : 输入手机号-- .phone_num .el-input__inner
[2022-06-27 15:12:40,470] [log.py|__console] [line:40] INFO    : 输入密码-- .login_mode .el-input__inner
[2022-06-27 15:12:40,537] [log.py|__console] [line:40] INFO    : 点击登录-- #pane-phoneLogin button
[2022-06-27 15:12:43,118] [log.py|__console] [line:40] INFO    : 输入手机号-- .phone_num .el-input__inner
[2022-06-27 15:12:43,190] [log.py|__console] [line:40] INFO    : 输入密码-- .login_mode .el-input__inner
[2022-06-27 15:12:43,256] [log.py|__console] [line:40] INFO    : 点击登录-- #pane-phoneLogin button
[2022-06-27 15:12:45,850] [log.py|__console] [line:40] INFO    : 输入手机号-- .phone_num .el-input__inner
[2022-06-27 15:12:45,929] [log.py|__console] [line:40] INFO    : 输入密码-- .login_mode .el-input__inner
[2022-06-27 15:12:45,990] [log.py|__console] [line:40] INFO    : 点击登录-- #pane-phoneLogin button
[2022-06-27 15:12:48,634] [log.py|__console] [line:40] INFO    : 输入手机号-- .phone_num .el-input__inner
[2022-06-27 15:12:48,707] [log.py|__console] [line:40] INFO    : 输入密码-- .login_mode .el-input__inner
[2022-06-27 15:12:48,781] [log.py|__console] [line:40] INFO    : 点击登录-- #pane-phoneLogin button
[2022-06-27 15:12:51,266] [log.py|__console] [line:40] INFO    : 输入手机号-- .phone_num .el-input__inner
[2022-06-27 15:12:51,337] [log.py|__console] [line:40] INFO    : 输入密码-- .login_mode .el-input__inner
[2022-06-27 15:12:51,392] [log.py|__console] [line:40] INFO    : 点击登录-- #pane-phoneLogin button
[2022-06-27 15:12:53,674] [log.py|__console] [line:40] INFO    : 输入手机号-- .phone_num .el-input__inner
[2022-06-27 15:12:53,740] [log.py|__console] [line:40] INFO    : 输入密码-- .login_mode .el-input__inner
[2022-06-27 15:12:53,794] [log.py|__console] [line:40] INFO    : 点击登录-- #pane-phoneLogin button
[2022-06-27 15:12:56,168] [log.py|__console] [line:40] INFO    : 输入手机号-- .phone_num .el-input__inner
[2022-06-27 15:12:56,246] [log.py|__console] [line:40] INFO    : 输入密码-- .login_mode .el-input__inner
[2022-06-27 15:12:56,316] [log.py|__console] [line:40] INFO    : 点击登录-- #pane-phoneLogin button
[2022-06-27 15:12:58,601] [log.py|__console] [line:40] INFO    : 输入手机号-- .phone_num .el-input__inner
[2022-06-27 15:12:58,669] [log.py|__console] [line:40] INFO    : 输入密码-- .login_mode .el-input__inner
[2022-06-27 15:12:58,729] [log.py|__console] [line:40] INFO    : 点击登录-- #pane-phoneLogin button
[2022-06-27 15:13:01,036] [log.py|__console] [line:40] INFO    : 输入手机号-- .phone_num .el-input__inner
[2022-06-27 15:13:01,106] [log.py|__console] [line:40] INFO    : 输入密码-- .login_mode .el-input__inner
[2022-06-27 15:13:01,171] [log.py|__console] [line:40] INFO    : 点击登录-- #pane-phoneLogin button
[2022-06-27 15:13:03,401] [log.py|__console] [line:40] INFO    : 输入手机号-- .phone_num .el-input__inner
[2022-06-27 15:13:03,469] [log.py|__console] [line:40] INFO    : 输入密码-- .login_mode .el-input__inner
[2022-06-27 15:13:03,525] [log.py|__console] [line:40] INFO    : 点击登录-- #pane-phoneLogin button
[2022-06-27 15:13:05,835] [log.py|__console] [line:40] INFO    : 输入手机号-- .phone_num .el-input__inner
[2022-06-27 15:13:05,909] [log.py|__console] [line:40] INFO    : 输入密码-- .login_mode .el-input__inner
[2022-06-27 15:13:05,978] [log.py|__console] [line:40] INFO    : 点击登录-- #pane-phoneLogin button
[2022-06-27 15:13:08,301] [log.py|__console] [line:40] INFO    : 输入手机号-- .phone_num .el-input__inner
[2022-06-27 15:13:08,371] [log.py|__console] [line:40] INFO    : 输入密码-- .login_mode .el-input__inner
[2022-06-27 15:13:08,436] [log.py|__console] [line:40] INFO    : 点击登录-- #pane-phoneLogin button
[2022-06-27 15:13:10,751] [log.py|__console] [line:40] INFO    : 输入手机号-- .phone_num .el-input__inner
[2022-06-27 15:13:10,823] [log.py|__console] [line:40] INFO    : 输入密码-- .login_mode .el-input__inner
[2022-06-27 15:13:10,893] [log.py|__console] [line:40] INFO    : 点击登录-- #pane-phoneLogin button
[2022-06-27 15:13:13,220] [log.py|__console] [line:40] INFO    : 输入手机号-- .phone_num .el-input__inner
[2022-06-27 15:13:13,292] [log.py|__console] [line:40] INFO    : 输入密码-- .login_mode .el-input__inner
[2022-06-27 15:13:13,358] [log.py|__console] [line:40] INFO    : 点击登录-- #pane-phoneLogin button
[2022-06-27 15:13:15,621] [log.py|__console] [line:40] INFO    : 输入手机号-- .phone_num .el-input__inner
[2022-06-27 15:13:15,685] [log.py|__console] [line:40] INFO    : 输入密码-- .login_mode .el-input__inner
[2022-06-27 15:13:15,745] [log.py|__console] [line:40] INFO    : 点击登录-- #pane-phoneLogin button
[2022-06-27 15:13:18,067] [log.py|__console] [line:40] INFO    : 输入手机号-- .phone_num .el-input__inner
[2022-06-27 15:13:18,137] [log.py|__console] [line:40] INFO    : 输入密码-- .login_mode .el-input__inner
[2022-06-27 15:13:18,203] [log.py|__console] [line:40] INFO    : 点击登录-- #pane-phoneLogin button
[2022-06-27 15:13:20,484] [log.py|__console] [line:40] INFO    : 输入手机号-- .phone_num .el-input__inner
[2022-06-27 15:13:20,554] [log.py|__console] [line:40] INFO    : 输入密码-- .login_mode .el-input__inner
[2022-06-27 15:13:20,623] [log.py|__console] [line:40] INFO    : 点击登录-- #pane-phoneLogin button
[2022-06-27 15:13:22,917] [log.py|__console] [line:40] INFO    : 输入手机号-- .phone_num .el-input__inner
[2022-06-27 15:13:22,987] [log.py|__console] [line:40] INFO    : 输入密码-- .login_mode .el-input__inner
[2022-06-27 15:13:23,053] [log.py|__console] [line:40] INFO    : 点击登录-- #pane-phoneLogin button
[2022-06-27 15:13:25,468] [log.py|__console] [line:40] INFO    : 输入手机号-- .phone_num .el-input__inner
[2022-06-27 15:13:25,542] [log.py|__console] [line:40] INFO    : 输入密码-- .login_mode .el-input__inner
[2022-06-27 15:13:25,608] [log.py|__console] [line:40] INFO    : 点击登录-- #pane-phoneLogin button
[2022-06-27 15:13:27,951] [log.py|__console] [line:40] INFO    : 输入手机号-- .phone_num .el-input__inner
[2022-06-27 15:13:28,021] [log.py|__console] [line:40] INFO    : 输入密码-- .login_mode .el-input__inner
[2022-06-27 15:13:28,087] [log.py|__console] [line:40] INFO    : 点击登录-- #pane-phoneLogin button
[2022-06-27 15:13:30,449] [log.py|__console] [line:40] INFO    : 输入手机号-- .phone_num .el-input__inner
[2022-06-27 15:13:30,515] [log.py|__console] [line:40] INFO    : 输入密码-- .login_mode .el-input__inner
[2022-06-27 15:13:30,572] [log.py|__console] [line:40] INFO    : 点击登录-- #pane-phoneLogin button
[2022-06-27 15:13:32,818] [log.py|__console] [line:40] INFO    : 输入手机号-- .phone_num .el-input__inner
[2022-06-27 15:13:32,889] [log.py|__console] [line:40] INFO    : 输入密码-- .login_mode .el-input__inner
[2022-06-27 15:13:32,955] [log.py|__console] [line:40] INFO    : 点击登录-- #pane-phoneLogin button
[2022-06-27 15:13:35,285] [log.py|__console] [line:40] INFO    : 输入手机号-- .phone_num .el-input__inner
[2022-06-27 15:13:35,356] [log.py|__console] [line:40] INFO    : 输入密码-- .login_mode .el-input__inner
[2022-06-27 15:13:35,426] [log.py|__console] [line:40] INFO    : 点击登录-- #pane-phoneLogin button
[2022-06-27 15:13:37,706] [log.py|__console] [line:40] INFO    : 输入手机号-- .phone_num .el-input__inner
[2022-06-27 15:13:37,776] [log.py|__console] [line:40] INFO    : 输入密码-- .login_mode .el-input__inner
[2022-06-27 15:13:37,836] [log.py|__console] [line:40] INFO    : 点击登录-- #pane-phoneLogin button
[2022-06-27 15:13:40,018] [log.py|__console] [line:40] INFO    : 输入手机号-- .phone_num .el-input__inner
[2022-06-27 15:13:40,088] [log.py|__console] [line:40] INFO    : 输入密码-- .login_mode .el-input__inner
[2022-06-27 15:13:40,152] [log.py|__console] [line:40] INFO    : 点击登录-- #pane-phoneLogin button
[2022-06-27 15:13:42,317] [log.py|__console] [line:40] INFO    : 输入手机号-- .phone_num .el-input__inner
[2022-06-27 15:13:42,391] [log.py|__console] [line:40] INFO    : 输入密码-- .login_mode .el-input__inner
[2022-06-27 15:13:42,453] [log.py|__console] [line:40] INFO    : 点击登录-- #pane-phoneLogin button
[2022-06-27 15:13:44,651] [log.py|__console] [line:40] INFO    : 输入手机号-- .phone_num .el-input__inner
[2022-06-27 15:13:44,723] [log.py|__console] [line:40] INFO    : 输入密码-- .login_mode .el-input__inner
[2022-06-27 15:13:44,792] [log.py|__console] [line:40] INFO    : 点击登录-- #pane-phoneLogin button
[2022-06-27 15:13:47,067] [log.py|__console] [line:40] INFO    : 输入手机号-- .phone_num .el-input__inner
[2022-06-27 15:13:47,142] [log.py|__console] [line:40] INFO    : 输入密码-- .login_mode .el-input__inner
[2022-06-27 15:13:47,210] [log.py|__console] [line:40] INFO    : 点击登录-- #pane-phoneLogin button
[2022-06-27 15:13:49,486] [log.py|__console] [line:40] INFO    : 输入手机号-- .phone_num .el-input__inner
[2022-06-27 15:13:49,556] [log.py|__console] [line:40] INFO    : 输入密码-- .login_mode .el-input__inner
[2022-06-27 15:13:49,611] [log.py|__console] [line:40] INFO    : 点击登录-- #pane-phoneLogin button
[2022-06-27 15:13:51,918] [log.py|__console] [line:40] INFO    : 输入手机号-- .phone_num .el-input__inner
[2022-06-27 15:13:51,990] [log.py|__console] [line:40] INFO    : 输入密码-- .login_mode .el-input__inner
[2022-06-27 15:13:52,053] [log.py|__console] [line:40] INFO    : 点击登录-- #pane-phoneLogin button
[2022-06-27 15:13:54,401] [log.py|__console] [line:40] INFO    : 输入手机号-- .phone_num .el-input__inner
[2022-06-27 15:13:54,474] [log.py|__console] [line:40] INFO    : 输入密码-- .login_mode .el-input__inner
[2022-06-27 15:13:54,542] [log.py|__console] [line:40] INFO    : 点击登录-- #pane-phoneLogin button
[2022-06-27 15:13:56,816] [log.py|__console] [line:40] INFO    : 输入手机号-- .phone_num .el-input__inner
[2022-06-27 15:13:56,889] [log.py|__console] [line:40] INFO    : 输入密码-- .login_mode .el-input__inner
[2022-06-27 15:13:56,959] [log.py|__console] [line:40] INFO    : 点击登录-- #pane-phoneLogin button
[2022-06-27 15:13:59,249] [log.py|__console] [line:40] INFO    : 输入手机号-- .phone_num .el-input__inner
[2022-06-27 15:13:59,323] [log.py|__console] [line:40] INFO    : 输入密码-- .login_mode .el-input__inner
[2022-06-27 15:13:59,394] [log.py|__console] [line:40] INFO    : 点击登录-- #pane-phoneLogin button
[2022-06-27 15:14:01,818] [log.py|__console] [line:40] INFO    : 输入手机号-- .phone_num .el-input__inner
[2022-06-27 15:14:01,898] [log.py|__console] [line:40] INFO    : 输入密码-- .login_mode .el-input__inner
[2022-06-27 15:14:01,958] [log.py|__console] [line:40] INFO    : 点击登录-- #pane-phoneLogin button
[2022-06-27 15:14:04,251] [log.py|__console] [line:40] INFO    : 输入手机号-- .phone_num .el-input__inner
[2022-06-27 15:14:04,325] [log.py|__console] [line:40] INFO    : 输入密码-- .login_mode .el-input__inner
[2022-06-27 15:14:04,393] [log.py|__console] [line:40] INFO    : 点击登录-- #pane-phoneLogin button
[2022-06-27 15:14:06,737] [log.py|__console] [line:40] INFO    : 输入手机号-- .phone_num .el-input__inner
[2022-06-27 15:14:06,809] [log.py|__console] [line:40] INFO    : 输入密码-- .login_mode .el-input__inner
[2022-06-27 15:14:06,882] [log.py|__console] [line:40] INFO    : 点击登录-- #pane-phoneLogin button
[2022-06-27 15:14:09,217] [log.py|__console] [line:40] INFO    : 输入手机号-- .phone_num .el-input__inner
[2022-06-27 15:14:09,291] [log.py|__console] [line:40] INFO    : 输入密码-- .login_mode .el-input__inner
[2022-06-27 15:14:09,360] [log.py|__console] [line:40] INFO    : 点击登录-- #pane-phoneLogin button
[2022-06-27 15:14:11,610] [log.py|__console] [line:40] INFO    : 输入手机号-- .phone_num .el-input__inner
[2022-06-27 15:14:11,675] [log.py|__console] [line:40] INFO    : 输入密码-- .login_mode .el-input__inner
[2022-06-27 15:14:11,734] [log.py|__console] [line:40] INFO    : 点击登录-- #pane-phoneLogin button
[2022-06-27 15:14:14,034] [log.py|__console] [line:40] INFO    : 输入手机号-- .phone_num .el-input__inner
[2022-06-27 15:14:14,109] [log.py|__console] [line:40] INFO    : 输入密码-- .login_mode .el-input__inner
[2022-06-27 15:14:14,177] [log.py|__console] [line:40] INFO    : 点击登录-- #pane-phoneLogin button
[2022-06-27 15:14:16,599] [log.py|__console] [line:40] INFO    : 输入手机号-- .phone_num .el-input__inner
[2022-06-27 15:14:16,664] [log.py|__console] [line:40] INFO    : 输入密码-- .login_mode .el-input__inner
[2022-06-27 15:14:16,720] [log.py|__console] [line:40] INFO    : 点击登录-- #pane-phoneLogin button
[2022-06-27 15:14:19,052] [log.py|__console] [line:40] INFO    : 输入手机号-- .phone_num .el-input__inner
[2022-06-27 15:14:19,121] [log.py|__console] [line:40] INFO    : 输入密码-- .login_mode .el-input__inner
[2022-06-27 15:14:19,187] [log.py|__console] [line:40] INFO    : 点击登录-- #pane-phoneLogin button
[2022-06-27 15:14:21,499] [log.py|__console] [line:40] INFO    : 输入手机号-- .phone_num .el-input__inner
[2022-06-27 15:14:21,577] [log.py|__console] [line:40] INFO    : 输入密码-- .login_mode .el-input__inner
[2022-06-27 15:14:21,644] [log.py|__console] [line:40] INFO    : 点击登录-- #pane-phoneLogin button
[2022-06-27 15:14:24,084] [log.py|__console] [line:40] INFO    : 输入手机号-- .phone_num .el-input__inner
[2022-06-27 15:14:24,159] [log.py|__console] [line:40] INFO    : 输入密码-- .login_mode .el-input__inner
[2022-06-27 15:14:24,224] [log.py|__console] [line:40] INFO    : 点击登录-- #pane-phoneLogin button
[2022-06-27 15:14:24,287] [log.py|__console] [line:40] INFO    : 定位工作台侧边栏菜单-- .el-menu-item.is-active span
[2022-06-27 15:14:24,853] [log.py|__console] [line:40] INFO    : 点击个人审批的快捷跳转-- //div[text()='个人审批']/..
[2022-06-27 15:14:24,918] [log.py|__console] [line:40] INFO    : 定位工作台侧边栏菜单-- .el-menu-item.is-active span
[2022-06-27 15:14:25,461] [log.py|__console] [line:40] INFO    : 点击讯息看板的快捷跳转-- //div[text()='讯息看板']/..
[2022-06-27 15:14:25,617] [log.py|__console] [line:40] INFO    : 点击证照档案的快捷跳转-- //div[text()='证照档案']/..
[2022-06-27 15:14:40,830] [log.py|__console] [line:46] ERROR   : <pages.workbench.Workbench object at 0x000000000389FA00>页面未找到('xpath', "//div[text()='证照档案']/..")元素
[2022-06-27 15:14:40,860] [log.py|__console] [line:40] INFO    : 点击我的绩效的快捷跳转-- //div[text()='我的绩效']/..
[2022-06-27 15:14:56,056] [log.py|__console] [line:46] ERROR   : <pages.workbench.Workbench object at 0x000000000389FA00>页面未找到('xpath', "//div[text()='我的绩效']/..")元素
[2022-06-27 15:14:56,074] [log.py|__console] [line:40] INFO    : 点击我的客户的快捷跳转-- //div[text()='我的客户']/..
[2022-06-27 15:15:11,269] [log.py|__console] [line:46] ERROR   : <pages.workbench.Workbench object at 0x000000000389FA00>页面未找到('xpath', "//div[text()='我的客户']/..")元素
[2022-06-27 15:15:11,300] [log.py|__console] [line:40] INFO    : 点击最新的一条消息提醒-- .news_title.clearfix+div
[2022-06-27 15:15:26,483] [log.py|__console] [line:46] ERROR   : <pages.workbench.Workbench object at 0x000000000389FA00>页面未找到('css selector', '.news_title.clearfix+div')元素
