[2022-06-27 15:43:13,803] [log.py|__console] [line:40] INFO    : 输入手机号-- .phone_num .el-input__inner
[2022-06-27 15:43:13,888] [log.py|__console] [line:40] INFO    : 输入密码-- .login_mode .el-input__inner
[2022-06-27 15:43:13,972] [log.py|__console] [line:40] INFO    : 点击登录-- #pane-phoneLogin button
[2022-06-27 15:43:17,053] [log.py|__console] [line:40] INFO    : 输入手机号-- .phone_num .el-input__inner
[2022-06-27 15:43:17,127] [log.py|__console] [line:40] INFO    : 输入密码-- .login_mode .el-input__inner
[2022-06-27 15:43:17,196] [log.py|__console] [line:40] INFO    : 点击登录-- #pane-phoneLogin button
[2022-06-27 15:43:19,670] [log.py|__console] [line:40] INFO    : 输入手机号-- .phone_num .el-input__inner
[2022-06-27 15:43:19,745] [log.py|__console] [line:40] INFO    : 输入密码-- .login_mode .el-input__inner
[2022-06-27 15:43:19,811] [log.py|__console] [line:40] INFO    : 点击登录-- #pane-phoneLogin button
[2022-06-27 15:43:22,436] [log.py|__console] [line:40] INFO    : 输入手机号-- .phone_num .el-input__inner
[2022-06-27 15:43:22,510] [log.py|__console] [line:40] INFO    : 输入密码-- .login_mode .el-input__inner
[2022-06-27 15:43:22,585] [log.py|__console] [line:40] INFO    : 点击登录-- #pane-phoneLogin button
[2022-06-27 15:43:24,853] [log.py|__console] [line:40] INFO    : 输入手机号-- .phone_num .el-input__inner
[2022-06-27 15:43:24,924] [log.py|__console] [line:40] INFO    : 输入密码-- .login_mode .el-input__inner
[2022-06-27 15:43:24,990] [log.py|__console] [line:40] INFO    : 点击登录-- #pane-phoneLogin button
[2022-06-27 15:43:27,219] [log.py|__console] [line:40] INFO    : 输入手机号-- .phone_num .el-input__inner
[2022-06-27 15:43:27,296] [log.py|__console] [line:40] INFO    : 输入密码-- .login_mode .el-input__inner
[2022-06-27 15:43:27,368] [log.py|__console] [line:40] INFO    : 点击登录-- #pane-phoneLogin button
[2022-06-27 15:43:29,631] [log.py|__console] [line:40] INFO    : 输入手机号-- .phone_num .el-input__inner
[2022-06-27 15:43:29,702] [log.py|__console] [line:40] INFO    : 输入密码-- .login_mode .el-input__inner
[2022-06-27 15:43:29,757] [log.py|__console] [line:40] INFO    : 点击登录-- #pane-phoneLogin button
[2022-06-27 15:43:32,403] [log.py|__console] [line:40] INFO    : 输入手机号-- .phone_num .el-input__inner
[2022-06-27 15:43:32,477] [log.py|__console] [line:40] INFO    : 输入密码-- .login_mode .el-input__inner
[2022-06-27 15:43:32,547] [log.py|__console] [line:40] INFO    : 点击登录-- #pane-phoneLogin button
[2022-06-27 15:43:35,219] [log.py|__console] [line:40] INFO    : 输入手机号-- .phone_num .el-input__inner
[2022-06-27 15:43:35,288] [log.py|__console] [line:40] INFO    : 输入密码-- .login_mode .el-input__inner
[2022-06-27 15:43:35,353] [log.py|__console] [line:40] INFO    : 点击登录-- #pane-phoneLogin button
[2022-06-27 15:43:37,635] [log.py|__console] [line:40] INFO    : 输入手机号-- .phone_num .el-input__inner
[2022-06-27 15:43:37,710] [log.py|__console] [line:40] INFO    : 输入密码-- .login_mode .el-input__inner
[2022-06-27 15:43:37,778] [log.py|__console] [line:40] INFO    : 点击登录-- #pane-phoneLogin button
[2022-06-27 15:43:40,103] [log.py|__console] [line:40] INFO    : 输入手机号-- .phone_num .el-input__inner
[2022-06-27 15:43:40,184] [log.py|__console] [line:40] INFO    : 输入密码-- .login_mode .el-input__inner
[2022-06-27 15:43:40,251] [log.py|__console] [line:40] INFO    : 点击登录-- #pane-phoneLogin button
[2022-06-27 15:43:42,587] [log.py|__console] [line:40] INFO    : 输入手机号-- .phone_num .el-input__inner
[2022-06-27 15:43:42,657] [log.py|__console] [line:40] INFO    : 输入密码-- .login_mode .el-input__inner
[2022-06-27 15:43:42,723] [log.py|__console] [line:40] INFO    : 点击登录-- #pane-phoneLogin button
[2022-06-27 15:43:45,152] [log.py|__console] [line:40] INFO    : 输入手机号-- .phone_num .el-input__inner
[2022-06-27 15:43:45,221] [log.py|__console] [line:40] INFO    : 输入密码-- .login_mode .el-input__inner
[2022-06-27 15:43:45,278] [log.py|__console] [line:40] INFO    : 点击登录-- #pane-phoneLogin button
[2022-06-27 15:43:47,669] [log.py|__console] [line:40] INFO    : 输入手机号-- .phone_num .el-input__inner
[2022-06-27 15:43:47,736] [log.py|__console] [line:40] INFO    : 输入密码-- .login_mode .el-input__inner
[2022-06-27 15:43:47,800] [log.py|__console] [line:40] INFO    : 点击登录-- #pane-phoneLogin button
[2022-06-27 15:43:50,156] [log.py|__console] [line:40] INFO    : 输入手机号-- .phone_num .el-input__inner
[2022-06-27 15:43:50,226] [log.py|__console] [line:40] INFO    : 输入密码-- .login_mode .el-input__inner
[2022-06-27 15:43:50,288] [log.py|__console] [line:40] INFO    : 点击登录-- #pane-phoneLogin button
[2022-06-27 15:43:52,736] [log.py|__console] [line:40] INFO    : 输入手机号-- .phone_num .el-input__inner
[2022-06-27 15:43:52,808] [log.py|__console] [line:40] INFO    : 输入密码-- .login_mode .el-input__inner
[2022-06-27 15:43:52,872] [log.py|__console] [line:40] INFO    : 点击登录-- #pane-phoneLogin button
[2022-06-27 15:43:55,770] [log.py|__console] [line:40] INFO    : 输入手机号-- .phone_num .el-input__inner
[2022-06-27 15:43:55,843] [log.py|__console] [line:40] INFO    : 输入密码-- .login_mode .el-input__inner
[2022-06-27 15:43:55,905] [log.py|__console] [line:40] INFO    : 点击登录-- #pane-phoneLogin button
[2022-06-27 15:43:58,270] [log.py|__console] [line:40] INFO    : 输入手机号-- .phone_num .el-input__inner
[2022-06-27 15:43:58,345] [log.py|__console] [line:40] INFO    : 输入密码-- .login_mode .el-input__inner
[2022-06-27 15:43:58,411] [log.py|__console] [line:40] INFO    : 点击登录-- #pane-phoneLogin button
[2022-06-27 15:44:00,786] [log.py|__console] [line:40] INFO    : 输入手机号-- .phone_num .el-input__inner
[2022-06-27 15:44:00,854] [log.py|__console] [line:40] INFO    : 输入密码-- .login_mode .el-input__inner
[2022-06-27 15:44:00,911] [log.py|__console] [line:40] INFO    : 点击登录-- #pane-phoneLogin button
[2022-06-27 15:44:03,436] [log.py|__console] [line:40] INFO    : 输入手机号-- .phone_num .el-input__inner
[2022-06-27 15:44:03,509] [log.py|__console] [line:40] INFO    : 输入密码-- .login_mode .el-input__inner
[2022-06-27 15:44:03,570] [log.py|__console] [line:40] INFO    : 点击登录-- #pane-phoneLogin button
[2022-06-27 15:44:06,330] [log.py|__console] [line:40] INFO    : 输入手机号-- .phone_num .el-input__inner
[2022-06-27 15:44:06,401] [log.py|__console] [line:40] INFO    : 输入密码-- .login_mode .el-input__inner
[2022-06-27 15:44:06,456] [log.py|__console] [line:40] INFO    : 点击登录-- #pane-phoneLogin button
[2022-06-27 15:44:08,819] [log.py|__console] [line:40] INFO    : 输入手机号-- .phone_num .el-input__inner
[2022-06-27 15:44:08,889] [log.py|__console] [line:40] INFO    : 输入密码-- .login_mode .el-input__inner
[2022-06-27 15:44:08,946] [log.py|__console] [line:40] INFO    : 点击登录-- #pane-phoneLogin button
[2022-06-27 15:44:11,354] [log.py|__console] [line:40] INFO    : 输入手机号-- .phone_num .el-input__inner
[2022-06-27 15:44:11,420] [log.py|__console] [line:40] INFO    : 输入密码-- .login_mode .el-input__inner
[2022-06-27 15:44:11,483] [log.py|__console] [line:40] INFO    : 点击登录-- #pane-phoneLogin button
[2022-06-27 15:44:14,169] [log.py|__console] [line:40] INFO    : 输入手机号-- .phone_num .el-input__inner
[2022-06-27 15:44:14,238] [log.py|__console] [line:40] INFO    : 输入密码-- .login_mode .el-input__inner
[2022-06-27 15:44:14,301] [log.py|__console] [line:40] INFO    : 点击登录-- #pane-phoneLogin button
[2022-06-27 15:44:17,220] [log.py|__console] [line:40] INFO    : 输入手机号-- .phone_num .el-input__inner
[2022-06-27 15:44:17,291] [log.py|__console] [line:40] INFO    : 输入密码-- .login_mode .el-input__inner
[2022-06-27 15:44:17,353] [log.py|__console] [line:40] INFO    : 点击登录-- #pane-phoneLogin button
[2022-06-27 15:44:19,702] [log.py|__console] [line:40] INFO    : 输入手机号-- .phone_num .el-input__inner
[2022-06-27 15:44:19,777] [log.py|__console] [line:40] INFO    : 输入密码-- .login_mode .el-input__inner
[2022-06-27 15:44:19,843] [log.py|__console] [line:40] INFO    : 点击登录-- #pane-phoneLogin button
[2022-06-27 15:44:22,169] [log.py|__console] [line:40] INFO    : 输入手机号-- .phone_num .el-input__inner
[2022-06-27 15:44:22,241] [log.py|__console] [line:40] INFO    : 输入密码-- .login_mode .el-input__inner
[2022-06-27 15:44:22,310] [log.py|__console] [line:40] INFO    : 点击登录-- #pane-phoneLogin button
[2022-06-27 15:44:24,719] [log.py|__console] [line:40] INFO    : 输入手机号-- .phone_num .el-input__inner
[2022-06-27 15:44:24,794] [log.py|__console] [line:40] INFO    : 输入密码-- .login_mode .el-input__inner
[2022-06-27 15:44:24,860] [log.py|__console] [line:40] INFO    : 点击登录-- #pane-phoneLogin button
[2022-06-27 15:44:47,026] [log.py|__console] [line:40] INFO    : 输入手机号-- .phone_num .el-input__inner
[2022-06-27 15:44:47,109] [log.py|__console] [line:40] INFO    : 输入密码-- .login_mode .el-input__inner
[2022-06-27 15:44:47,176] [log.py|__console] [line:40] INFO    : 点击登录-- #pane-phoneLogin button
[2022-06-27 15:45:09,371] [log.py|__console] [line:40] INFO    : 输入手机号-- .phone_num .el-input__inner
[2022-06-27 15:45:09,449] [log.py|__console] [line:40] INFO    : 输入密码-- .login_mode .el-input__inner
[2022-06-27 15:45:09,520] [log.py|__console] [line:40] INFO    : 点击登录-- #pane-phoneLogin button
[2022-06-27 15:45:31,637] [log.py|__console] [line:40] INFO    : 输入手机号-- .phone_num .el-input__inner
[2022-06-27 15:45:31,713] [log.py|__console] [line:40] INFO    : 输入密码-- .login_mode .el-input__inner
[2022-06-27 15:45:31,779] [log.py|__console] [line:40] INFO    : 点击登录-- #pane-phoneLogin button
[2022-06-27 15:45:53,936] [log.py|__console] [line:40] INFO    : 输入手机号-- .phone_num .el-input__inner
[2022-06-27 15:45:54,008] [log.py|__console] [line:40] INFO    : 输入密码-- .login_mode .el-input__inner
[2022-06-27 15:45:54,080] [log.py|__console] [line:40] INFO    : 点击登录-- #pane-phoneLogin button
[2022-06-27 15:45:56,355] [log.py|__console] [line:40] INFO    : 输入手机号-- .phone_num .el-input__inner
[2022-06-27 15:45:56,425] [log.py|__console] [line:40] INFO    : 输入密码-- .login_mode .el-input__inner
[2022-06-27 15:45:56,489] [log.py|__console] [line:40] INFO    : 点击登录-- #pane-phoneLogin button
[2022-06-27 15:45:59,006] [log.py|__console] [line:40] INFO    : 输入手机号-- .phone_num .el-input__inner
[2022-06-27 15:45:59,075] [log.py|__console] [line:40] INFO    : 输入密码-- .login_mode .el-input__inner
[2022-06-27 15:45:59,145] [log.py|__console] [line:40] INFO    : 点击登录-- #pane-phoneLogin button
[2022-06-27 15:46:01,545] [log.py|__console] [line:40] INFO    : 输入手机号-- .phone_num .el-input__inner
[2022-06-27 15:46:01,616] [log.py|__console] [line:40] INFO    : 输入密码-- .login_mode .el-input__inner
[2022-06-27 15:46:01,672] [log.py|__console] [line:40] INFO    : 点击登录-- #pane-phoneLogin button
[2022-06-27 15:46:04,219] [log.py|__console] [line:40] INFO    : 输入手机号-- .phone_num .el-input__inner
[2022-06-27 15:46:04,296] [log.py|__console] [line:40] INFO    : 输入密码-- .login_mode .el-input__inner
[2022-06-27 15:46:04,369] [log.py|__console] [line:40] INFO    : 点击登录-- #pane-phoneLogin button
[2022-06-27 15:46:06,837] [log.py|__console] [line:40] INFO    : 输入手机号-- .phone_num .el-input__inner
[2022-06-27 15:46:06,912] [log.py|__console] [line:40] INFO    : 输入密码-- .login_mode .el-input__inner
[2022-06-27 15:46:06,983] [log.py|__console] [line:40] INFO    : 点击登录-- #pane-phoneLogin button
[2022-06-27 15:46:09,437] [log.py|__console] [line:40] INFO    : 输入手机号-- .phone_num .el-input__inner
[2022-06-27 15:46:09,515] [log.py|__console] [line:40] INFO    : 输入密码-- .login_mode .el-input__inner
[2022-06-27 15:46:09,588] [log.py|__console] [line:40] INFO    : 点击登录-- #pane-phoneLogin button
[2022-06-27 15:46:12,078] [log.py|__console] [line:40] INFO    : 输入手机号-- .phone_num .el-input__inner
[2022-06-27 15:46:12,155] [log.py|__console] [line:40] INFO    : 输入密码-- .login_mode .el-input__inner
[2022-06-27 15:46:12,228] [log.py|__console] [line:40] INFO    : 点击登录-- #pane-phoneLogin button
[2022-06-27 15:46:14,973] [log.py|__console] [line:40] INFO    : 输入手机号-- .phone_num .el-input__inner
[2022-06-27 15:46:15,043] [log.py|__console] [line:40] INFO    : 输入密码-- .login_mode .el-input__inner
[2022-06-27 15:46:15,101] [log.py|__console] [line:40] INFO    : 点击登录-- #pane-phoneLogin button
[2022-06-27 15:46:17,637] [log.py|__console] [line:40] INFO    : 输入手机号-- .phone_num .el-input__inner
[2022-06-27 15:46:17,725] [log.py|__console] [line:40] INFO    : 输入密码-- .login_mode .el-input__inner
[2022-06-27 15:46:17,792] [log.py|__console] [line:40] INFO    : 点击登录-- #pane-phoneLogin button
[2022-06-27 15:46:20,168] [log.py|__console] [line:40] INFO    : 输入手机号-- .phone_num .el-input__inner
[2022-06-27 15:46:20,253] [log.py|__console] [line:40] INFO    : 输入密码-- .login_mode .el-input__inner
[2022-06-27 15:46:20,328] [log.py|__console] [line:40] INFO    : 点击登录-- #pane-phoneLogin button
[2022-06-27 15:46:22,687] [log.py|__console] [line:40] INFO    : 输入手机号-- .phone_num .el-input__inner
[2022-06-27 15:46:22,760] [log.py|__console] [line:40] INFO    : 输入密码-- .login_mode .el-input__inner
[2022-06-27 15:46:22,828] [log.py|__console] [line:40] INFO    : 点击登录-- #pane-phoneLogin button
[2022-06-27 15:46:25,470] [log.py|__console] [line:40] INFO    : 输入手机号-- .phone_num .el-input__inner
[2022-06-27 15:46:25,555] [log.py|__console] [line:40] INFO    : 输入密码-- .login_mode .el-input__inner
[2022-06-27 15:46:25,624] [log.py|__console] [line:40] INFO    : 点击登录-- #pane-phoneLogin button
[2022-06-27 15:46:28,470] [log.py|__console] [line:40] INFO    : 输入手机号-- .phone_num .el-input__inner
[2022-06-27 15:46:28,551] [log.py|__console] [line:40] INFO    : 输入密码-- .login_mode .el-input__inner
[2022-06-27 15:46:28,618] [log.py|__console] [line:40] INFO    : 点击登录-- #pane-phoneLogin button
[2022-06-27 15:46:31,103] [log.py|__console] [line:40] INFO    : 输入手机号-- .phone_num .el-input__inner
[2022-06-27 15:46:31,184] [log.py|__console] [line:40] INFO    : 输入密码-- .login_mode .el-input__inner
[2022-06-27 15:46:31,255] [log.py|__console] [line:40] INFO    : 点击登录-- #pane-phoneLogin button
[2022-06-27 15:46:33,736] [log.py|__console] [line:40] INFO    : 输入手机号-- .phone_num .el-input__inner
[2022-06-27 15:46:33,809] [log.py|__console] [line:40] INFO    : 输入密码-- .login_mode .el-input__inner
[2022-06-27 15:46:33,874] [log.py|__console] [line:40] INFO    : 点击登录-- #pane-phoneLogin button
[2022-06-27 15:46:36,804] [log.py|__console] [line:40] INFO    : 输入手机号-- .phone_num .el-input__inner
[2022-06-27 15:46:36,876] [log.py|__console] [line:40] INFO    : 输入密码-- .login_mode .el-input__inner
[2022-06-27 15:46:36,948] [log.py|__console] [line:40] INFO    : 点击登录-- #pane-phoneLogin button
[2022-06-27 15:46:37,021] [log.py|__console] [line:40] INFO    : 定位工作台侧边栏菜单-- .el-menu-item.is-active span
[2022-06-27 15:46:37,288] [log.py|__console] [line:40] INFO    : 点击个人审批的快捷跳转-- //div[text()='个人审批']/..
[2022-06-27 15:46:37,372] [log.py|__console] [line:40] INFO    : 定位工作台侧边栏菜单-- .el-menu-item.is-active span
[2022-06-27 15:46:37,471] [log.py|__console] [line:40] INFO    : 点击讯息看板的快捷跳转-- //div[text()='讯息看板']/..
[2022-06-27 15:46:37,551] [log.py|__console] [line:40] INFO    : 定位工作台侧边栏菜单-- .el-menu-item.is-active span
[2022-06-27 15:46:37,589] [log.py|__console] [line:40] INFO    : 点击证照档案的快捷跳转-- //div[text()='证照档案']/..
[2022-06-27 15:46:37,671] [log.py|__console] [line:40] INFO    : 定位工作台侧边栏菜单-- .el-menu-item.is-active span
[2022-06-27 15:46:37,725] [log.py|__console] [line:40] INFO    : 点击我的绩效的快捷跳转-- //div[text()='我的绩效']/..
[2022-06-27 15:46:37,803] [log.py|__console] [line:40] INFO    : 定位工作台侧边栏菜单-- .el-menu-item.is-active span
[2022-06-27 15:46:37,880] [log.py|__console] [line:40] INFO    : 点击我的客户的快捷跳转-- //div[text()='我的客户']/..
[2022-06-27 15:46:58,556] [log.py|__console] [line:46] ERROR   : <pages.workbench.Workbench object at 0x0000000003511F10>页面未找到('xpath', "//div[text()='我的客户']/..")元素
[2022-06-27 15:46:58,584] [log.py|__console] [line:40] INFO    : 点击最新的一条消息提醒-- .news_title.clearfix+div
[2022-06-27 15:47:19,123] [log.py|__console] [line:46] ERROR   : <pages.workbench.Workbench object at 0x0000000003511F10>页面未找到('css selector', '.news_title.clearfix+div')元素
