[2022-06-27 15:35:36,311] [log.py|__console] [line:40] INFO    : 输入手机号-- .phone_num .el-input__inner
[2022-06-27 15:35:36,396] [log.py|__console] [line:40] INFO    : 输入密码-- .login_mode .el-input__inner
[2022-06-27 15:35:36,473] [log.py|__console] [line:40] INFO    : 点击登录-- #pane-phoneLogin button
[2022-06-27 15:35:39,354] [log.py|__console] [line:40] INFO    : 输入手机号-- .phone_num .el-input__inner
[2022-06-27 15:35:39,421] [log.py|__console] [line:40] INFO    : 输入密码-- .login_mode .el-input__inner
[2022-06-27 15:35:39,480] [log.py|__console] [line:40] INFO    : 点击登录-- #pane-phoneLogin button
[2022-06-27 15:35:42,056] [log.py|__console] [line:40] INFO    : 输入手机号-- .phone_num .el-input__inner
[2022-06-27 15:35:42,130] [log.py|__console] [line:40] INFO    : 输入密码-- .login_mode .el-input__inner
[2022-06-27 15:35:42,192] [log.py|__console] [line:40] INFO    : 点击登录-- #pane-phoneLogin button
[2022-06-27 15:35:44,721] [log.py|__console] [line:40] INFO    : 输入手机号-- .phone_num .el-input__inner
[2022-06-27 15:35:44,798] [log.py|__console] [line:40] INFO    : 输入密码-- .login_mode .el-input__inner
[2022-06-27 15:35:44,868] [log.py|__console] [line:40] INFO    : 点击登录-- #pane-phoneLogin button
[2022-06-27 15:35:47,186] [log.py|__console] [line:40] INFO    : 输入手机号-- .phone_num .el-input__inner
[2022-06-27 15:35:47,258] [log.py|__console] [line:40] INFO    : 输入密码-- .login_mode .el-input__inner
[2022-06-27 15:35:47,326] [log.py|__console] [line:40] INFO    : 点击登录-- #pane-phoneLogin button
[2022-06-27 15:35:49,553] [log.py|__console] [line:40] INFO    : 输入手机号-- .phone_num .el-input__inner
[2022-06-27 15:35:49,623] [log.py|__console] [line:40] INFO    : 输入密码-- .login_mode .el-input__inner
[2022-06-27 15:35:49,692] [log.py|__console] [line:40] INFO    : 点击登录-- #pane-phoneLogin button
[2022-06-27 15:35:51,802] [log.py|__console] [line:40] INFO    : 输入手机号-- .phone_num .el-input__inner
[2022-06-27 15:35:51,874] [log.py|__console] [line:40] INFO    : 输入密码-- .login_mode .el-input__inner
[2022-06-27 15:35:51,938] [log.py|__console] [line:40] INFO    : 点击登录-- #pane-phoneLogin button
[2022-06-27 15:35:54,119] [log.py|__console] [line:40] INFO    : 输入手机号-- .phone_num .el-input__inner
[2022-06-27 15:35:54,191] [log.py|__console] [line:40] INFO    : 输入密码-- .login_mode .el-input__inner
[2022-06-27 15:35:54,267] [log.py|__console] [line:40] INFO    : 点击登录-- #pane-phoneLogin button
[2022-06-27 15:35:56,533] [log.py|__console] [line:40] INFO    : 输入手机号-- .phone_num .el-input__inner
[2022-06-27 15:35:56,602] [log.py|__console] [line:40] INFO    : 输入密码-- .login_mode .el-input__inner
[2022-06-27 15:35:56,661] [log.py|__console] [line:40] INFO    : 点击登录-- #pane-phoneLogin button
[2022-06-27 15:35:58,869] [log.py|__console] [line:40] INFO    : 输入手机号-- .phone_num .el-input__inner
[2022-06-27 15:35:58,942] [log.py|__console] [line:40] INFO    : 输入密码-- .login_mode .el-input__inner
[2022-06-27 15:35:59,008] [log.py|__console] [line:40] INFO    : 点击登录-- #pane-phoneLogin button
[2022-06-27 15:36:01,238] [log.py|__console] [line:40] INFO    : 输入手机号-- .phone_num .el-input__inner
[2022-06-27 15:36:01,308] [log.py|__console] [line:40] INFO    : 输入密码-- .login_mode .el-input__inner
[2022-06-27 15:36:01,361] [log.py|__console] [line:40] INFO    : 点击登录-- #pane-phoneLogin button
[2022-06-27 15:36:03,733] [log.py|__console] [line:40] INFO    : 输入手机号-- .phone_num .el-input__inner
[2022-06-27 15:36:03,802] [log.py|__console] [line:40] INFO    : 输入密码-- .login_mode .el-input__inner
[2022-06-27 15:36:03,865] [log.py|__console] [line:40] INFO    : 点击登录-- #pane-phoneLogin button
[2022-06-27 15:36:06,202] [log.py|__console] [line:40] INFO    : 输入手机号-- .phone_num .el-input__inner
[2022-06-27 15:36:06,271] [log.py|__console] [line:40] INFO    : 输入密码-- .login_mode .el-input__inner
[2022-06-27 15:36:06,326] [log.py|__console] [line:40] INFO    : 点击登录-- #pane-phoneLogin button
[2022-06-27 15:36:08,702] [log.py|__console] [line:40] INFO    : 输入手机号-- .phone_num .el-input__inner
[2022-06-27 15:36:08,776] [log.py|__console] [line:40] INFO    : 输入密码-- .login_mode .el-input__inner
[2022-06-27 15:36:08,841] [log.py|__console] [line:40] INFO    : 点击登录-- #pane-phoneLogin button
[2022-06-27 15:36:11,234] [log.py|__console] [line:40] INFO    : 输入手机号-- .phone_num .el-input__inner
[2022-06-27 15:36:11,304] [log.py|__console] [line:40] INFO    : 输入密码-- .login_mode .el-input__inner
[2022-06-27 15:36:11,357] [log.py|__console] [line:40] INFO    : 点击登录-- #pane-phoneLogin button
[2022-06-27 15:36:13,734] [log.py|__console] [line:40] INFO    : 输入手机号-- .phone_num .el-input__inner
[2022-06-27 15:36:13,805] [log.py|__console] [line:40] INFO    : 输入密码-- .login_mode .el-input__inner
[2022-06-27 15:36:13,861] [log.py|__console] [line:40] INFO    : 点击登录-- #pane-phoneLogin button
[2022-06-27 15:36:16,269] [log.py|__console] [line:40] INFO    : 输入手机号-- .phone_num .el-input__inner
[2022-06-27 15:36:16,344] [log.py|__console] [line:40] INFO    : 输入密码-- .login_mode .el-input__inner
[2022-06-27 15:36:16,408] [log.py|__console] [line:40] INFO    : 点击登录-- #pane-phoneLogin button
[2022-06-27 15:36:18,803] [log.py|__console] [line:40] INFO    : 输入手机号-- .phone_num .el-input__inner
[2022-06-27 15:36:18,866] [log.py|__console] [line:40] INFO    : 输入密码-- .login_mode .el-input__inner
[2022-06-27 15:36:18,921] [log.py|__console] [line:40] INFO    : 点击登录-- #pane-phoneLogin button
[2022-06-27 15:36:21,202] [log.py|__console] [line:40] INFO    : 输入手机号-- .phone_num .el-input__inner
[2022-06-27 15:36:21,282] [log.py|__console] [line:40] INFO    : 输入密码-- .login_mode .el-input__inner
[2022-06-27 15:36:21,350] [log.py|__console] [line:40] INFO    : 点击登录-- #pane-phoneLogin button
[2022-06-27 15:36:23,769] [log.py|__console] [line:40] INFO    : 输入手机号-- .phone_num .el-input__inner
[2022-06-27 15:36:23,839] [log.py|__console] [line:40] INFO    : 输入密码-- .login_mode .el-input__inner
[2022-06-27 15:36:23,895] [log.py|__console] [line:40] INFO    : 点击登录-- #pane-phoneLogin button
[2022-06-27 15:36:26,269] [log.py|__console] [line:40] INFO    : 输入手机号-- .phone_num .el-input__inner
[2022-06-27 15:36:26,342] [log.py|__console] [line:40] INFO    : 输入密码-- .login_mode .el-input__inner
[2022-06-27 15:36:26,408] [log.py|__console] [line:40] INFO    : 点击登录-- #pane-phoneLogin button
[2022-06-27 15:36:28,386] [log.py|__console] [line:40] INFO    : 输入手机号-- .phone_num .el-input__inner
[2022-06-27 15:36:28,461] [log.py|__console] [line:40] INFO    : 输入密码-- .login_mode .el-input__inner
[2022-06-27 15:36:28,527] [log.py|__console] [line:40] INFO    : 点击登录-- #pane-phoneLogin button
[2022-06-27 15:36:30,903] [log.py|__console] [line:40] INFO    : 输入手机号-- .phone_num .el-input__inner
[2022-06-27 15:36:30,979] [log.py|__console] [line:40] INFO    : 输入密码-- .login_mode .el-input__inner
[2022-06-27 15:36:31,041] [log.py|__console] [line:40] INFO    : 点击登录-- #pane-phoneLogin button
[2022-06-27 15:36:33,435] [log.py|__console] [line:40] INFO    : 输入手机号-- .phone_num .el-input__inner
[2022-06-27 15:36:33,512] [log.py|__console] [line:40] INFO    : 输入密码-- .login_mode .el-input__inner
[2022-06-27 15:36:33,582] [log.py|__console] [line:40] INFO    : 点击登录-- #pane-phoneLogin button
[2022-06-27 15:36:36,021] [log.py|__console] [line:40] INFO    : 输入手机号-- .phone_num .el-input__inner
[2022-06-27 15:36:36,095] [log.py|__console] [line:40] INFO    : 输入密码-- .login_mode .el-input__inner
[2022-06-27 15:36:36,158] [log.py|__console] [line:40] INFO    : 点击登录-- #pane-phoneLogin button
[2022-06-27 15:36:38,569] [log.py|__console] [line:40] INFO    : 输入手机号-- .phone_num .el-input__inner
[2022-06-27 15:36:38,647] [log.py|__console] [line:40] INFO    : 输入密码-- .login_mode .el-input__inner
[2022-06-27 15:36:38,714] [log.py|__console] [line:40] INFO    : 点击登录-- #pane-phoneLogin button
[2022-06-27 15:36:43,927] [log.py|__console] [line:40] INFO    : 输入手机号-- .phone_num .el-input__inner
[2022-06-27 15:36:43,994] [log.py|__console] [line:40] INFO    : 输入密码-- .login_mode .el-input__inner
[2022-06-27 15:36:44,051] [log.py|__console] [line:40] INFO    : 点击登录-- #pane-phoneLogin button
[2022-06-27 15:37:08,236] [log.py|__console] [line:40] INFO    : 输入手机号-- .phone_num .el-input__inner
[2022-06-27 15:37:08,319] [log.py|__console] [line:40] INFO    : 输入密码-- .login_mode .el-input__inner
[2022-06-27 15:37:08,388] [log.py|__console] [line:40] INFO    : 点击登录-- #pane-phoneLogin button
[2022-06-27 15:37:33,884] [log.py|__console] [line:40] INFO    : 输入手机号-- .phone_num .el-input__inner
[2022-06-27 15:37:33,965] [log.py|__console] [line:40] INFO    : 输入密码-- .login_mode .el-input__inner
[2022-06-27 15:37:34,034] [log.py|__console] [line:40] INFO    : 点击登录-- #pane-phoneLogin button
[2022-06-27 15:37:56,185] [log.py|__console] [line:40] INFO    : 输入手机号-- .phone_num .el-input__inner
[2022-06-27 15:37:56,269] [log.py|__console] [line:40] INFO    : 输入密码-- .login_mode .el-input__inner
[2022-06-27 15:37:56,335] [log.py|__console] [line:40] INFO    : 点击登录-- #pane-phoneLogin button
[2022-06-27 15:38:18,454] [log.py|__console] [line:40] INFO    : 输入手机号-- .phone_num .el-input__inner
[2022-06-27 15:38:18,527] [log.py|__console] [line:40] INFO    : 输入密码-- .login_mode .el-input__inner
[2022-06-27 15:38:18,607] [log.py|__console] [line:40] INFO    : 点击登录-- #pane-phoneLogin button
[2022-06-27 15:38:40,619] [log.py|__console] [line:40] INFO    : 输入手机号-- .phone_num .el-input__inner
[2022-06-27 15:38:40,693] [log.py|__console] [line:40] INFO    : 输入密码-- .login_mode .el-input__inner
[2022-06-27 15:38:40,795] [log.py|__console] [line:40] INFO    : 点击登录-- #pane-phoneLogin button
[2022-06-27 15:38:42,859] [log.py|__console] [line:40] INFO    : 输入手机号-- .phone_num .el-input__inner
[2022-06-27 15:38:42,930] [log.py|__console] [line:40] INFO    : 输入密码-- .login_mode .el-input__inner
[2022-06-27 15:38:42,989] [log.py|__console] [line:40] INFO    : 点击登录-- #pane-phoneLogin button
[2022-06-27 15:38:45,458] [log.py|__console] [line:40] INFO    : 输入手机号-- .phone_num .el-input__inner
[2022-06-27 15:38:45,528] [log.py|__console] [line:40] INFO    : 输入密码-- .login_mode .el-input__inner
[2022-06-27 15:38:45,590] [log.py|__console] [line:40] INFO    : 点击登录-- #pane-phoneLogin button
[2022-06-27 15:38:47,936] [log.py|__console] [line:40] INFO    : 输入手机号-- .phone_num .el-input__inner
[2022-06-27 15:38:48,013] [log.py|__console] [line:40] INFO    : 输入密码-- .login_mode .el-input__inner
[2022-06-27 15:38:48,075] [log.py|__console] [line:40] INFO    : 点击登录-- #pane-phoneLogin button
[2022-06-27 15:38:50,506] [log.py|__console] [line:40] INFO    : 输入手机号-- .phone_num .el-input__inner
[2022-06-27 15:38:50,577] [log.py|__console] [line:40] INFO    : 输入密码-- .login_mode .el-input__inner
[2022-06-27 15:38:50,640] [log.py|__console] [line:40] INFO    : 点击登录-- #pane-phoneLogin button
[2022-06-27 15:38:53,186] [log.py|__console] [line:40] INFO    : 输入手机号-- .phone_num .el-input__inner
[2022-06-27 15:38:53,261] [log.py|__console] [line:40] INFO    : 输入密码-- .login_mode .el-input__inner
[2022-06-27 15:38:53,324] [log.py|__console] [line:40] INFO    : 点击登录-- #pane-phoneLogin button
[2022-06-27 15:38:55,690] [log.py|__console] [line:40] INFO    : 输入手机号-- .phone_num .el-input__inner
[2022-06-27 15:38:55,765] [log.py|__console] [line:40] INFO    : 输入密码-- .login_mode .el-input__inner
[2022-06-27 15:38:55,826] [log.py|__console] [line:40] INFO    : 点击登录-- #pane-phoneLogin button
[2022-06-27 15:38:58,219] [log.py|__console] [line:40] INFO    : 输入手机号-- .phone_num .el-input__inner
[2022-06-27 15:38:58,294] [log.py|__console] [line:40] INFO    : 输入密码-- .login_mode .el-input__inner
[2022-06-27 15:38:58,360] [log.py|__console] [line:40] INFO    : 点击登录-- #pane-phoneLogin button
[2022-06-27 15:39:00,869] [log.py|__console] [line:40] INFO    : 输入手机号-- .phone_num .el-input__inner
[2022-06-27 15:39:00,949] [log.py|__console] [line:40] INFO    : 输入密码-- .login_mode .el-input__inner
[2022-06-27 15:39:01,010] [log.py|__console] [line:40] INFO    : 点击登录-- #pane-phoneLogin button
[2022-06-27 15:39:03,435] [log.py|__console] [line:40] INFO    : 输入手机号-- .phone_num .el-input__inner
[2022-06-27 15:39:03,505] [log.py|__console] [line:40] INFO    : 输入密码-- .login_mode .el-input__inner
[2022-06-27 15:39:03,560] [log.py|__console] [line:40] INFO    : 点击登录-- #pane-phoneLogin button
[2022-06-27 15:39:05,753] [log.py|__console] [line:40] INFO    : 输入手机号-- .phone_num .el-input__inner
[2022-06-27 15:39:05,831] [log.py|__console] [line:40] INFO    : 输入密码-- .login_mode .el-input__inner
[2022-06-27 15:39:05,894] [log.py|__console] [line:40] INFO    : 点击登录-- #pane-phoneLogin button
[2022-06-27 15:39:08,419] [log.py|__console] [line:40] INFO    : 输入手机号-- .phone_num .el-input__inner
[2022-06-27 15:39:08,501] [log.py|__console] [line:40] INFO    : 输入密码-- .login_mode .el-input__inner
[2022-06-27 15:39:08,568] [log.py|__console] [line:40] INFO    : 点击登录-- #pane-phoneLogin button
[2022-06-27 15:39:11,085] [log.py|__console] [line:40] INFO    : 输入手机号-- .phone_num .el-input__inner
[2022-06-27 15:39:11,159] [log.py|__console] [line:40] INFO    : 输入密码-- .login_mode .el-input__inner
[2022-06-27 15:39:11,226] [log.py|__console] [line:40] INFO    : 点击登录-- #pane-phoneLogin button
[2022-06-27 15:39:13,601] [log.py|__console] [line:40] INFO    : 输入手机号-- .phone_num .el-input__inner
[2022-06-27 15:39:13,673] [log.py|__console] [line:40] INFO    : 输入密码-- .login_mode .el-input__inner
[2022-06-27 15:39:13,726] [log.py|__console] [line:40] INFO    : 点击登录-- #pane-phoneLogin button
[2022-06-27 15:39:15,961] [log.py|__console] [line:40] INFO    : 输入手机号-- .phone_num .el-input__inner
[2022-06-27 15:39:16,037] [log.py|__console] [line:40] INFO    : 输入密码-- .login_mode .el-input__inner
[2022-06-27 15:39:16,092] [log.py|__console] [line:40] INFO    : 点击登录-- #pane-phoneLogin button
[2022-06-27 15:39:18,603] [log.py|__console] [line:40] INFO    : 输入手机号-- .phone_num .el-input__inner
[2022-06-27 15:39:18,682] [log.py|__console] [line:40] INFO    : 输入密码-- .login_mode .el-input__inner
[2022-06-27 15:39:18,746] [log.py|__console] [line:40] INFO    : 点击登录-- #pane-phoneLogin button
[2022-06-27 15:39:21,335] [log.py|__console] [line:40] INFO    : 输入手机号-- .phone_num .el-input__inner
[2022-06-27 15:39:21,413] [log.py|__console] [line:40] INFO    : 输入密码-- .login_mode .el-input__inner
[2022-06-27 15:39:21,477] [log.py|__console] [line:40] INFO    : 点击登录-- #pane-phoneLogin button
[2022-06-27 15:39:21,552] [log.py|__console] [line:40] INFO    : 定位工作台侧边栏菜单-- .el-menu-item.is-active span
[2022-06-27 15:39:21,807] [log.py|__console] [line:40] INFO    : 点击个人审批的快捷跳转-- //div[text()='个人审批']/..
[2022-06-27 15:39:21,891] [log.py|__console] [line:40] INFO    : 定位工作台侧边栏菜单-- .el-menu-item.is-active span
[2022-06-27 15:39:21,974] [log.py|__console] [line:40] INFO    : 点击讯息看板的快捷跳转-- //div[text()='讯息看板']/..
[2022-06-27 15:39:22,049] [log.py|__console] [line:40] INFO    : 定位工作台侧边栏菜单-- .el-menu-item.is-active span
[2022-06-27 15:39:22,105] [log.py|__console] [line:40] INFO    : 点击证照档案的快捷跳转-- //div[text()='证照档案']/..
[2022-06-27 15:39:22,203] [log.py|__console] [line:40] INFO    : 定位工作台侧边栏菜单-- .el-menu-item.is-active span
[2022-06-27 15:39:22,262] [log.py|__console] [line:40] INFO    : 点击我的绩效的快捷跳转-- //div[text()='我的绩效']/..
[2022-06-27 15:39:22,351] [log.py|__console] [line:40] INFO    : 定位工作台侧边栏菜单-- .el-menu-item.is-active span
[2022-06-27 15:39:22,425] [log.py|__console] [line:40] INFO    : 点击我的客户的快捷跳转-- //div[text()='我的客户']/..
[2022-06-27 15:39:43,052] [log.py|__console] [line:46] ERROR   : <pages.workbench.Workbench object at 0x000000000351AEB0>页面未找到('xpath', "//div[text()='我的客户']/..")元素
[2022-06-27 15:39:43,074] [log.py|__console] [line:40] INFO    : 点击最新的一条消息提醒-- .news_title.clearfix+div
[2022-06-27 15:40:03,596] [log.py|__console] [line:46] ERROR   : <pages.workbench.Workbench object at 0x000000000351AEB0>页面未找到('css selector', '.news_title.clearfix+div')元素
