[2022-06-27 15:30:42,336] [log.py|__console] [line:40] INFO    : 输入手机号-- .phone_num .el-input__inner
[2022-06-27 15:30:42,421] [log.py|__console] [line:40] INFO    : 输入密码-- .login_mode .el-input__inner
[2022-06-27 15:30:42,494] [log.py|__console] [line:40] INFO    : 点击登录-- #pane-phoneLogin button
[2022-06-27 15:30:45,252] [log.py|__console] [line:40] INFO    : 输入手机号-- .phone_num .el-input__inner
[2022-06-27 15:30:45,321] [log.py|__console] [line:40] INFO    : 输入密码-- .login_mode .el-input__inner
[2022-06-27 15:30:45,385] [log.py|__console] [line:40] INFO    : 点击登录-- #pane-phoneLogin button
[2022-06-27 15:30:47,834] [log.py|__console] [line:40] INFO    : 输入手机号-- .phone_num .el-input__inner
[2022-06-27 15:30:47,902] [log.py|__console] [line:40] INFO    : 输入密码-- .login_mode .el-input__inner
[2022-06-27 15:30:47,951] [log.py|__console] [line:40] INFO    : 点击登录-- #pane-phoneLogin button
[2022-06-27 15:30:50,435] [log.py|__console] [line:40] INFO    : 输入手机号-- .phone_num .el-input__inner
[2022-06-27 15:30:50,507] [log.py|__console] [line:40] INFO    : 输入密码-- .login_mode .el-input__inner
[2022-06-27 15:30:50,566] [log.py|__console] [line:40] INFO    : 点击登录-- #pane-phoneLogin button
[2022-06-27 15:30:52,935] [log.py|__console] [line:40] INFO    : 输入手机号-- .phone_num .el-input__inner
[2022-06-27 15:30:53,007] [log.py|__console] [line:40] INFO    : 输入密码-- .login_mode .el-input__inner
[2022-06-27 15:30:53,073] [log.py|__console] [line:40] INFO    : 点击登录-- #pane-phoneLogin button
[2022-06-27 15:30:55,260] [log.py|__console] [line:40] INFO    : 输入手机号-- .phone_num .el-input__inner
[2022-06-27 15:30:55,327] [log.py|__console] [line:40] INFO    : 输入密码-- .login_mode .el-input__inner
[2022-06-27 15:30:55,381] [log.py|__console] [line:40] INFO    : 点击登录-- #pane-phoneLogin button
[2022-06-27 15:30:58,168] [log.py|__console] [line:40] INFO    : 输入手机号-- .phone_num .el-input__inner
[2022-06-27 15:30:58,254] [log.py|__console] [line:40] INFO    : 输入密码-- .login_mode .el-input__inner
[2022-06-27 15:30:58,316] [log.py|__console] [line:40] INFO    : 点击登录-- #pane-phoneLogin button
[2022-06-27 15:31:00,818] [log.py|__console] [line:40] INFO    : 输入手机号-- .phone_num .el-input__inner
[2022-06-27 15:31:00,894] [log.py|__console] [line:40] INFO    : 输入密码-- .login_mode .el-input__inner
[2022-06-27 15:31:00,959] [log.py|__console] [line:40] INFO    : 点击登录-- #pane-phoneLogin button
[2022-06-27 15:31:03,585] [log.py|__console] [line:40] INFO    : 输入手机号-- .phone_num .el-input__inner
[2022-06-27 15:31:03,654] [log.py|__console] [line:40] INFO    : 输入密码-- .login_mode .el-input__inner
[2022-06-27 15:31:03,715] [log.py|__console] [line:40] INFO    : 点击登录-- #pane-phoneLogin button
[2022-06-27 15:31:05,867] [log.py|__console] [line:40] INFO    : 输入手机号-- .phone_num .el-input__inner
[2022-06-27 15:31:05,936] [log.py|__console] [line:40] INFO    : 输入密码-- .login_mode .el-input__inner
[2022-06-27 15:31:05,992] [log.py|__console] [line:40] INFO    : 点击登录-- #pane-phoneLogin button
[2022-06-27 15:31:08,228] [log.py|__console] [line:40] INFO    : 输入手机号-- .phone_num .el-input__inner
[2022-06-27 15:31:08,305] [log.py|__console] [line:40] INFO    : 输入密码-- .login_mode .el-input__inner
[2022-06-27 15:31:08,363] [log.py|__console] [line:40] INFO    : 点击登录-- #pane-phoneLogin button
[2022-06-27 15:31:10,685] [log.py|__console] [line:40] INFO    : 输入手机号-- .phone_num .el-input__inner
[2022-06-27 15:31:10,758] [log.py|__console] [line:40] INFO    : 输入密码-- .login_mode .el-input__inner
[2022-06-27 15:31:10,828] [log.py|__console] [line:40] INFO    : 点击登录-- #pane-phoneLogin button
[2022-06-27 15:31:13,169] [log.py|__console] [line:40] INFO    : 输入手机号-- .phone_num .el-input__inner
[2022-06-27 15:31:13,239] [log.py|__console] [line:40] INFO    : 输入密码-- .login_mode .el-input__inner
[2022-06-27 15:31:13,304] [log.py|__console] [line:40] INFO    : 点击登录-- #pane-phoneLogin button
[2022-06-27 15:31:15,821] [log.py|__console] [line:40] INFO    : 输入手机号-- .phone_num .el-input__inner
[2022-06-27 15:31:15,890] [log.py|__console] [line:40] INFO    : 输入密码-- .login_mode .el-input__inner
[2022-06-27 15:31:15,949] [log.py|__console] [line:40] INFO    : 点击登录-- #pane-phoneLogin button
[2022-06-27 15:31:18,284] [log.py|__console] [line:40] INFO    : 输入手机号-- .phone_num .el-input__inner
[2022-06-27 15:31:18,355] [log.py|__console] [line:40] INFO    : 输入密码-- .login_mode .el-input__inner
[2022-06-27 15:31:18,410] [log.py|__console] [line:40] INFO    : 点击登录-- #pane-phoneLogin button
[2022-06-27 15:31:20,727] [log.py|__console] [line:40] INFO    : 输入手机号-- .phone_num .el-input__inner
[2022-06-27 15:31:20,799] [log.py|__console] [line:40] INFO    : 输入密码-- .login_mode .el-input__inner
[2022-06-27 15:31:20,854] [log.py|__console] [line:40] INFO    : 点击登录-- #pane-phoneLogin button
[2022-06-27 15:31:23,268] [log.py|__console] [line:40] INFO    : 输入手机号-- .phone_num .el-input__inner
[2022-06-27 15:31:23,337] [log.py|__console] [line:40] INFO    : 输入密码-- .login_mode .el-input__inner
[2022-06-27 15:31:23,394] [log.py|__console] [line:40] INFO    : 点击登录-- #pane-phoneLogin button
[2022-06-27 15:31:25,868] [log.py|__console] [line:40] INFO    : 输入手机号-- .phone_num .el-input__inner
[2022-06-27 15:31:25,942] [log.py|__console] [line:40] INFO    : 输入密码-- .login_mode .el-input__inner
[2022-06-27 15:31:26,010] [log.py|__console] [line:40] INFO    : 点击登录-- #pane-phoneLogin button
[2022-06-27 15:31:28,386] [log.py|__console] [line:40] INFO    : 输入手机号-- .phone_num .el-input__inner
[2022-06-27 15:31:28,460] [log.py|__console] [line:40] INFO    : 输入密码-- .login_mode .el-input__inner
[2022-06-27 15:31:28,527] [log.py|__console] [line:40] INFO    : 点击登录-- #pane-phoneLogin button
[2022-06-27 15:31:30,968] [log.py|__console] [line:40] INFO    : 输入手机号-- .phone_num .el-input__inner
[2022-06-27 15:31:31,036] [log.py|__console] [line:40] INFO    : 输入密码-- .login_mode .el-input__inner
[2022-06-27 15:31:31,095] [log.py|__console] [line:40] INFO    : 点击登录-- #pane-phoneLogin button
[2022-06-27 15:31:33,553] [log.py|__console] [line:40] INFO    : 输入手机号-- .phone_num .el-input__inner
[2022-06-27 15:31:33,622] [log.py|__console] [line:40] INFO    : 输入密码-- .login_mode .el-input__inner
[2022-06-27 15:31:33,692] [log.py|__console] [line:40] INFO    : 点击登录-- #pane-phoneLogin button
[2022-06-27 15:31:35,710] [log.py|__console] [line:40] INFO    : 输入手机号-- .phone_num .el-input__inner
[2022-06-27 15:31:35,774] [log.py|__console] [line:40] INFO    : 输入密码-- .login_mode .el-input__inner
[2022-06-27 15:31:35,828] [log.py|__console] [line:40] INFO    : 点击登录-- #pane-phoneLogin button
[2022-06-27 15:31:38,352] [log.py|__console] [line:40] INFO    : 输入手机号-- .phone_num .el-input__inner
[2022-06-27 15:31:38,423] [log.py|__console] [line:40] INFO    : 输入密码-- .login_mode .el-input__inner
[2022-06-27 15:31:38,489] [log.py|__console] [line:40] INFO    : 点击登录-- #pane-phoneLogin button
[2022-06-27 15:31:40,903] [log.py|__console] [line:40] INFO    : 输入手机号-- .phone_num .el-input__inner
[2022-06-27 15:31:40,972] [log.py|__console] [line:40] INFO    : 输入密码-- .login_mode .el-input__inner
[2022-06-27 15:31:41,035] [log.py|__console] [line:40] INFO    : 点击登录-- #pane-phoneLogin button
[2022-06-27 15:31:43,552] [log.py|__console] [line:40] INFO    : 输入手机号-- .phone_num .el-input__inner
[2022-06-27 15:31:43,628] [log.py|__console] [line:40] INFO    : 输入密码-- .login_mode .el-input__inner
[2022-06-27 15:31:43,695] [log.py|__console] [line:40] INFO    : 点击登录-- #pane-phoneLogin button
[2022-06-27 15:31:46,019] [log.py|__console] [line:40] INFO    : 输入手机号-- .phone_num .el-input__inner
[2022-06-27 15:31:46,096] [log.py|__console] [line:40] INFO    : 输入密码-- .login_mode .el-input__inner
[2022-06-27 15:31:46,160] [log.py|__console] [line:40] INFO    : 点击登录-- #pane-phoneLogin button
[2022-06-27 15:31:48,487] [log.py|__console] [line:40] INFO    : 输入手机号-- .phone_num .el-input__inner
[2022-06-27 15:31:48,564] [log.py|__console] [line:40] INFO    : 输入密码-- .login_mode .el-input__inner
[2022-06-27 15:31:48,622] [log.py|__console] [line:40] INFO    : 点击登录-- #pane-phoneLogin button
[2022-06-27 15:31:51,002] [log.py|__console] [line:40] INFO    : 输入手机号-- .phone_num .el-input__inner
[2022-06-27 15:31:51,073] [log.py|__console] [line:40] INFO    : 输入密码-- .login_mode .el-input__inner
[2022-06-27 15:31:51,137] [log.py|__console] [line:40] INFO    : 点击登录-- #pane-phoneLogin button
[2022-06-27 15:32:13,784] [log.py|__console] [line:40] INFO    : 输入手机号-- .phone_num .el-input__inner
[2022-06-27 15:32:13,862] [log.py|__console] [line:40] INFO    : 输入密码-- .login_mode .el-input__inner
[2022-06-27 15:32:13,935] [log.py|__console] [line:40] INFO    : 点击登录-- #pane-phoneLogin button
[2022-06-27 15:32:36,019] [log.py|__console] [line:40] INFO    : 输入手机号-- .phone_num .el-input__inner
[2022-06-27 15:32:36,129] [log.py|__console] [line:40] INFO    : 输入密码-- .login_mode .el-input__inner
[2022-06-27 15:32:36,193] [log.py|__console] [line:40] INFO    : 点击登录-- #pane-phoneLogin button
[2022-06-27 15:33:01,136] [log.py|__console] [line:40] INFO    : 输入手机号-- .phone_num .el-input__inner
[2022-06-27 15:33:01,228] [log.py|__console] [line:40] INFO    : 输入密码-- .login_mode .el-input__inner
[2022-06-27 15:33:01,293] [log.py|__console] [line:40] INFO    : 点击登录-- #pane-phoneLogin button
[2022-06-27 15:33:31,172] [log.py|__console] [line:40] INFO    : 输入手机号-- .phone_num .el-input__inner
[2022-06-27 15:33:31,251] [log.py|__console] [line:40] INFO    : 输入密码-- .login_mode .el-input__inner
[2022-06-27 15:33:31,322] [log.py|__console] [line:40] INFO    : 点击登录-- #pane-phoneLogin button
[2022-06-27 15:33:33,636] [log.py|__console] [line:40] INFO    : 输入手机号-- .phone_num .el-input__inner
[2022-06-27 15:33:33,705] [log.py|__console] [line:40] INFO    : 输入密码-- .login_mode .el-input__inner
[2022-06-27 15:33:33,759] [log.py|__console] [line:40] INFO    : 点击登录-- #pane-phoneLogin button
[2022-06-27 15:33:36,236] [log.py|__console] [line:40] INFO    : 输入手机号-- .phone_num .el-input__inner
[2022-06-27 15:33:36,308] [log.py|__console] [line:40] INFO    : 输入密码-- .login_mode .el-input__inner
[2022-06-27 15:33:36,372] [log.py|__console] [line:40] INFO    : 点击登录-- #pane-phoneLogin button
[2022-06-27 15:33:38,819] [log.py|__console] [line:40] INFO    : 输入手机号-- .phone_num .el-input__inner
[2022-06-27 15:33:38,892] [log.py|__console] [line:40] INFO    : 输入密码-- .login_mode .el-input__inner
[2022-06-27 15:33:38,953] [log.py|__console] [line:40] INFO    : 点击登录-- #pane-phoneLogin button
[2022-06-27 15:33:41,619] [log.py|__console] [line:40] INFO    : 输入手机号-- .phone_num .el-input__inner
[2022-06-27 15:33:41,695] [log.py|__console] [line:40] INFO    : 输入密码-- .login_mode .el-input__inner
[2022-06-27 15:33:41,761] [log.py|__console] [line:40] INFO    : 点击登录-- #pane-phoneLogin button
[2022-06-27 15:33:44,202] [log.py|__console] [line:40] INFO    : 输入手机号-- .phone_num .el-input__inner
[2022-06-27 15:33:44,279] [log.py|__console] [line:40] INFO    : 输入密码-- .login_mode .el-input__inner
[2022-06-27 15:33:44,351] [log.py|__console] [line:40] INFO    : 点击登录-- #pane-phoneLogin button
[2022-06-27 15:33:46,769] [log.py|__console] [line:40] INFO    : 输入手机号-- .phone_num .el-input__inner
[2022-06-27 15:33:46,845] [log.py|__console] [line:40] INFO    : 输入密码-- .login_mode .el-input__inner
[2022-06-27 15:33:46,917] [log.py|__console] [line:40] INFO    : 点击登录-- #pane-phoneLogin button
[2022-06-27 15:33:49,218] [log.py|__console] [line:40] INFO    : 输入手机号-- .phone_num .el-input__inner
[2022-06-27 15:33:49,287] [log.py|__console] [line:40] INFO    : 输入密码-- .login_mode .el-input__inner
[2022-06-27 15:33:49,348] [log.py|__console] [line:40] INFO    : 点击登录-- #pane-phoneLogin button
[2022-06-27 15:33:51,785] [log.py|__console] [line:40] INFO    : 输入手机号-- .phone_num .el-input__inner
[2022-06-27 15:33:51,866] [log.py|__console] [line:40] INFO    : 输入密码-- .login_mode .el-input__inner
[2022-06-27 15:33:51,932] [log.py|__console] [line:40] INFO    : 点击登录-- #pane-phoneLogin button
[2022-06-27 15:33:54,403] [log.py|__console] [line:40] INFO    : 输入手机号-- .phone_num .el-input__inner
[2022-06-27 15:33:54,482] [log.py|__console] [line:40] INFO    : 输入密码-- .login_mode .el-input__inner
[2022-06-27 15:33:54,544] [log.py|__console] [line:40] INFO    : 点击登录-- #pane-phoneLogin button
[2022-06-27 15:33:57,002] [log.py|__console] [line:40] INFO    : 输入手机号-- .phone_num .el-input__inner
[2022-06-27 15:33:57,076] [log.py|__console] [line:40] INFO    : 输入密码-- .login_mode .el-input__inner
[2022-06-27 15:33:57,144] [log.py|__console] [line:40] INFO    : 点击登录-- #pane-phoneLogin button
[2022-06-27 15:33:59,603] [log.py|__console] [line:40] INFO    : 输入手机号-- .phone_num .el-input__inner
[2022-06-27 15:33:59,678] [log.py|__console] [line:40] INFO    : 输入密码-- .login_mode .el-input__inner
[2022-06-27 15:33:59,744] [log.py|__console] [line:40] INFO    : 点击登录-- #pane-phoneLogin button
[2022-06-27 15:34:02,103] [log.py|__console] [line:40] INFO    : 输入手机号-- .phone_num .el-input__inner
[2022-06-27 15:34:02,177] [log.py|__console] [line:40] INFO    : 输入密码-- .login_mode .el-input__inner
[2022-06-27 15:34:02,241] [log.py|__console] [line:40] INFO    : 点击登录-- #pane-phoneLogin button
[2022-06-27 15:34:04,785] [log.py|__console] [line:40] INFO    : 输入手机号-- .phone_num .el-input__inner
[2022-06-27 15:34:04,859] [log.py|__console] [line:40] INFO    : 输入密码-- .login_mode .el-input__inner
[2022-06-27 15:34:04,928] [log.py|__console] [line:40] INFO    : 点击登录-- #pane-phoneLogin button
[2022-06-27 15:34:07,436] [log.py|__console] [line:40] INFO    : 输入手机号-- .phone_num .el-input__inner
[2022-06-27 15:34:07,514] [log.py|__console] [line:40] INFO    : 输入密码-- .login_mode .el-input__inner
[2022-06-27 15:34:07,579] [log.py|__console] [line:40] INFO    : 点击登录-- #pane-phoneLogin button
[2022-06-27 15:34:10,103] [log.py|__console] [line:40] INFO    : 输入手机号-- .phone_num .el-input__inner
[2022-06-27 15:34:10,177] [log.py|__console] [line:40] INFO    : 输入密码-- .login_mode .el-input__inner
[2022-06-27 15:34:10,242] [log.py|__console] [line:40] INFO    : 点击登录-- #pane-phoneLogin button
[2022-06-27 15:34:12,668] [log.py|__console] [line:40] INFO    : 输入手机号-- .phone_num .el-input__inner
[2022-06-27 15:34:12,745] [log.py|__console] [line:40] INFO    : 输入密码-- .login_mode .el-input__inner
[2022-06-27 15:34:12,811] [log.py|__console] [line:40] INFO    : 点击登录-- #pane-phoneLogin button
[2022-06-27 15:34:12,881] [log.py|__console] [line:40] INFO    : 定位工作台侧边栏菜单-- .el-menu-item.is-active span
[2022-06-27 15:34:13,126] [log.py|__console] [line:40] INFO    : 点击个人审批的快捷跳转-- //div[text()='个人审批']/..
[2022-06-27 15:34:13,198] [log.py|__console] [line:40] INFO    : 定位工作台侧边栏菜单-- .el-menu-item.is-active span
[2022-06-27 15:34:13,292] [log.py|__console] [line:40] INFO    : 点击讯息看板的快捷跳转-- //div[text()='讯息看板']/..
[2022-06-27 15:34:13,363] [log.py|__console] [line:40] INFO    : 定位工作台侧边栏菜单-- .el-menu-item.is-active span
[2022-06-27 15:34:13,399] [log.py|__console] [line:40] INFO    : 点击证照档案的快捷跳转-- //div[text()='证照档案']/..
[2022-06-27 15:34:13,507] [log.py|__console] [line:40] INFO    : 定位工作台侧边栏菜单-- .el-menu-item.is-active span
[2022-06-27 15:34:13,573] [log.py|__console] [line:40] INFO    : 点击我的绩效的快捷跳转-- //div[text()='我的绩效']/..
[2022-06-27 15:34:13,656] [log.py|__console] [line:40] INFO    : 定位工作台侧边栏菜单-- .el-menu-item.is-active span
[2022-06-27 15:34:13,728] [log.py|__console] [line:40] INFO    : 点击我的客户的快捷跳转-- //div[text()='我的客户']/..
[2022-06-27 15:34:34,397] [log.py|__console] [line:46] ERROR   : <pages.workbench.Workbench object at 0x0000000003511F10>页面未找到('xpath', "//div[text()='我的客户']/..")元素
[2022-06-27 15:34:34,421] [log.py|__console] [line:40] INFO    : 点击最新的一条消息提醒-- .news_title.clearfix+div
[2022-06-27 15:34:54,929] [log.py|__console] [line:46] ERROR   : <pages.workbench.Workbench object at 0x0000000003511F10>页面未找到('css selector', '.news_title.clearfix+div')元素
